<?xml version="1.0" encoding="UTF-8"?>
<testsuite name="ucf.assigments.Testing" tests="1" skipped="0" failures="0" errors="0" timestamp="2021-11-14T18:51:50" hostname="MBP.local" time="0.027">
  <properties/>
  <testcase name="List()" classname="ucf.assigments.Testing" time="0.027"/>
  <system-out><![CDATA[]]></system-out>
  <system-err><![CDATA[]]></system-err>
</testsuite>
